<?xml version="1.0" encoding="UTF-8"?>
<!-- Generated by org.testng.reporters.JUnitReportReporter -->
<testsuite hostname="ind495" name="Samples.ToolTipText" tests="1" failures="0" timestamp="20 Nov 2017 06:24:37 GMT" time="14.947" errors="0">
  <testcase name="TTT" time="14.947" classname="Samples.ToolTipText"/>
</testsuite> <!-- Samples.ToolTipText -->
