<?xml version="1.0" encoding="UTF-8"?>
<!-- Generated by org.testng.reporters.JUnitReportReporter -->
<testsuite hostname="ind495" name="Samples.DDFWithExcel" tests="2" failures="0" timestamp="20 Nov 2017 10:26:02 GMT" time="22.361" errors="0">
  <testcase name="ddf" time="10.856" classname="Samples.DDFWithExcel"/>
  <testcase name="ddf" time="11.505" classname="Samples.DDFWithExcel"/>
</testsuite> <!-- Samples.DDFWithExcel -->
