<?xml version="1.0" encoding="UTF-8"?>
<!-- Generated by org.testng.reporters.JUnitReportReporter -->
<testsuite hostname="ind495" name="Samples.DisableChromeNotifications" tests="1" failures="0" timestamp="24 Mar 2017 07:03:41 GMT" time="8.852" errors="0">
  <testcase name="Login" time="8.852" classname="Samples.DisableChromeNotifications"/>
</testsuite> <!-- Samples.DisableChromeNotifications -->
