<?xml version="1.0" encoding="UTF-8"?>
<!-- Generated by org.testng.reporters.JUnitReportReporter -->
<testsuite hostname="ind495" name="Samples.Fileuploader" tests="1" failures="0" timestamp="21 Nov 2017 13:47:56 GMT" time="43.967" errors="0">
  <testcase name="testing" time="43.967" classname="Samples.Fileuploader"/>
</testsuite> <!-- Samples.Fileuploader -->
