<?xml version="1.0" encoding="UTF-8"?>
<!-- Generated by org.testng.reporters.JUnitReportReporter -->
<testsuite hostname="ind495" name="Samples.AutomationTestingWebsite2" tests="1" failures="0" timestamp="12 Feb 2018 06:51:53 GMT" time="10.692" errors="0">
  <testcase name="login" time="10.692" classname="Samples.AutomationTestingWebsite2"/>
</testsuite> <!-- Samples.AutomationTestingWebsite2 -->
