<?xml version="1.0" encoding="UTF-8"?>
<!-- Generated by org.testng.reporters.JUnitReportReporter -->
<testsuite hostname="ind495" name="com.WordPress.TestCases.ValidLogin" tests="1" failures="0" timestamp="6 Mar 2018 07:23:08 GMT" time="18.679" errors="0">
  <testcase name="login" time="18.679" classname="com.WordPress.TestCases.ValidLogin"/>
</testsuite> <!-- com.WordPress.TestCases.ValidLogin -->
