<?xml version="1.0" encoding="UTF-8"?>
<!-- Generated by org.testng.reporters.JUnitReportReporter -->
<testsuite hostname="ind495" name="Samples.Open" tests="1" failures="0" timestamp="24 Mar 2017 07:15:36 GMT" time="9.783" errors="0">
  <testcase name="Login" time="9.783" classname="Samples.Open"/>
</testsuite> <!-- Samples.Open -->
